<?xml version="1.0" encoding="UTF-8"?>
<!-- Generated by org.testng.reporters.JUnitReportReporter -->
<testsuite hostname="LAPTOP-ETMNRLTD" failures="0" tests="1" name="NewGroup.KhushiProjFinal.Test1" time="0.002" errors="0" timestamp="31 Jul 2025 03:59:36 GMT">
  <testcase classname="NewGroup.KhushiProjFinal.Test1" name="t1" time="0.002"/>
</testsuite> <!-- NewGroup.KhushiProjFinal.Test1 -->
