<?xml version="1.0" encoding="UTF-8"?>
<!-- Generated by org.testng.reporters.JUnitReportReporter -->
<testsuite hostname="LAPTOP-ETMNRLTD" failures="0" tests="5" name="NewGroup.KhushiProjFinal.Test3" time="0.031" errors="0" timestamp="31 Jul 2025 03:59:36 GMT">
  <testcase classname="NewGroup.KhushiProjFinal.Test3" name="a2" time="0.001"/>
  <testcase classname="NewGroup.KhushiProjFinal.Test3" name="a3" time="0.023"/>
  <testcase classname="NewGroup.KhushiProjFinal.Test3" name="a4" time="0.001"/>
  <testcase classname="NewGroup.KhushiProjFinal.Test3" name="a2" time="0.001"/>
  <testcase classname="NewGroup.KhushiProjFinal.Test3" name="a1" time="0.005"/>
</testsuite> <!-- NewGroup.KhushiProjFinal.Test3 -->
