<?xml version="1.0" encoding="UTF-8"?>
<!-- Generated by org.testng.reporters.JUnitReportReporter -->
<testsuite hostname="LAPTOP-ETMNRLTD" failures="0" tests="2" name="NewGroup.KhushiProjFinal.Test2" time="0.003" errors="0" timestamp="31 Jul 2025 03:59:36 GMT">
  <testcase classname="NewGroup.KhushiProjFinal.Test2" name="t2" time="0.002"/>
  <testcase classname="NewGroup.KhushiProjFinal.Test2" name="t1" time="0.001"/>
</testsuite> <!-- NewGroup.KhushiProjFinal.Test2 -->
